<?xml version="1.0" encoding="UTF-8"?>
<!-- Generated by org.testng.reporters.JUnitReportReporter -->
<testsuite hostname="LAPTOP-DK38VD03" failures="0" tests="3" name="com.app.jenkinsdemo.TestJenkinsDemo$BeforeAfterClass" time="5.653" errors="0" timestamp="2023-10-11T15:05:07 IST" skipped="0">
  <testcase classname="com.app.jenkinsdemo.TestJenkinsDemo$BeforeAfterClass" name="GetTitle" time="0.011"/>
  <system-out/>
  <testcase classname="com.app.jenkinsdemo.TestJenkinsDemo$BeforeAfterClass" name="login" time="3.792"/>
  <system-out/>
  <testcase classname="com.app.jenkinsdemo.TestJenkinsDemo$BeforeAfterClass" name="logout" time="1.850"/>
  <system-out/>
</testsuite> <!-- com.app.jenkinsdemo.TestJenkinsDemo$BeforeAfterClass -->
